Arguments: 
  /Users/moralpunk/.nvm/versions/node/v15.14.0/bin/node /Users/moralpunk/.nvm/versions/node/v15.14.0/bin/yarn add ds-test

PATH: 
  /usr/local/opt/python@3.7/bin:/Users/moralpunk/.gem/ruby/2.6.0/bin:/usr/local/opt/ruby/bin:/usr/local/lib/ruby/gems/3.0.0/bin:/Users/moralpunk/.nvm/versions/node/v15.14.0/bin:/Users/moralpunk/.nix-profile/bin:”/Users/moralpunk/.emacs.d/bin:/opt/homebrew/bin:/opt/homebrew/sbin:/usr/local/bin:/usr/bin:/bin:/usr/sbin:/sbin:~/.emacs.d/bin:/usr/local/go/bin:/usr/local/share/dotnet:~/.dotnet/tools:/Library/Frameworks/Mono.framework/Versions/Current/Commands:/Users/moralpunk/.cargo/bin:/usr/local/opt/python@3.7/bin:/Users/moralpunk/.gem/ruby/2.6.0/bin:/usr/local/opt/ruby/bin:/usr/local/lib/ruby/gems/3.0.0/bin:/Users/moralpunk/.nvm/versions/node/v15.14.0/bin:/Users/moralpunk/.nix-profile/bin:”/Users/moralpunk/.emacs.d/bin:/opt/homebrew/bin:/opt/homebrew/sbin:/Users/moralpunk/.cargo/bin”:/Users/moralpunk/.foundry/bin:/Users/moralpunk/.starklings/dist/starklings”:/Users/moralpunk/.foundry/bin:/Users/moralpunk/.starklings/dist/starklings

Yarn version: 
  1.22.18

Node version: 
  15.14.0

Platform: 
  darwin arm64

Trace: 
  Error: https://registry.npmjs.org/ds-test: Not found
      at Request.params.callback [as _callback] (/Users/moralpunk/.nvm/versions/node/v15.14.0/lib/node_modules/yarn/lib/cli.js:66138:18)
      at Request.self.callback (/Users/moralpunk/.nvm/versions/node/v15.14.0/lib/node_modules/yarn/lib/cli.js:140883:22)
      at Request.emit (node:events:369:20)
      at Request.<anonymous> (/Users/moralpunk/.nvm/versions/node/v15.14.0/lib/node_modules/yarn/lib/cli.js:141855:10)
      at Request.emit (node:events:369:20)
      at IncomingMessage.<anonymous> (/Users/moralpunk/.nvm/versions/node/v15.14.0/lib/node_modules/yarn/lib/cli.js:141777:12)
      at Object.onceWrapper (node:events:475:28)
      at IncomingMessage.emit (node:events:381:22)
      at endReadableNT (node:internal/streams/readable:1307:12)
      at processTicksAndRejections (node:internal/process/task_queues:81:21)

npm manifest: 
  {
    "name": "graal",
    "license": "MIT",
    "version": "0.0.1",
    "description": "NA",
    "devDependencies": {
      "@latticexyz/persona": "https://github.com/latticexyz/persona.git#a53e26a670ed6f041dc5dec365be293457a90b5d",
      "@manifoldxyz/royalty-registry-solidity": "https://github.com/manifoldxyz/royalty-registry-solidity.git#c5ad6269d37e180fbf449a1f5ba2d2ff6c441efc",
      "@opengsn/contracts": "^2.2.6",
      "@rari-capital/solmate": "https://github.com/rari-capital/solmate.git#851ea3baa4327f453da723df75b1093b58b964dc",
      "base64-sol": "https://github.com/Brechtpd/base64.git#4d85607b18d981acff392d2e99ba654305552a97",
      "memmove": "https://github.com/brockelmore/memmove.git#d577ecd1bc43656f4032edf4daa9797f756a8ad2",
      "openzeppelin-solidity": "https://github.com/OpenZeppelin/openzeppelin-contracts.git#57725120581e27ec469e1c7e497a4008aafff818",
      "prettier": "^2.3.1",
      "prettier-plugin-solidity": "^1.0.0-beta.13"
    },
    "scripts": {
      "lint": "prettier --write **.sol",
      "codegen": "yarn ejs src/libraries/LibDeploy.ejs -f deploy.json -o src/libraries/LibDeploy.sol"
    },
    "dependencies": {
      "ejs": "^3.1.8"
    }
  }

yarn manifest: 
  No manifest

Lockfile: 
  # THIS IS AN AUTOGENERATED FILE. DO NOT EDIT THIS FILE DIRECTLY.
  # yarn lockfile v1
  
  
  "@latticexyz/persona@https://github.com/latticexyz/persona.git#a53e26a670ed6f041dc5dec365be293457a90b5d":
    version "1.2.0"
    resolved "https://github.com/latticexyz/persona.git#a53e26a670ed6f041dc5dec365be293457a90b5d"
  
  "@manifoldxyz/libraries-solidity@^1.0.2":
    version "1.0.2"
    resolved "https://registry.npmjs.org/@manifoldxyz/libraries-solidity/-/libraries-solidity-1.0.2.tgz#c63284d910ff6e7af3e1954a54dd126abd084518"
    integrity sha512-qdCLBD5CicgT6UtDB1fED1kpJfgDqIB6WahtsfZ23ha/nYEBXKHJZ1urIHaIeCOdw8cTi6fMQbQWrld4V1S7dQ==
    dependencies:
      "@openzeppelin/contracts" "^4.2.0"
      "@openzeppelin/contracts-upgradeable" "^4.2.0"
  
  "@manifoldxyz/royalty-registry-solidity@https://github.com/manifoldxyz/royalty-registry-solidity.git#c5ad6269d37e180fbf449a1f5ba2d2ff6c441efc":
    version "1.0.9"
    resolved "https://github.com/manifoldxyz/royalty-registry-solidity.git#c5ad6269d37e180fbf449a1f5ba2d2ff6c441efc"
    dependencies:
      "@manifoldxyz/libraries-solidity" "^1.0.2"
      "@openzeppelin/contracts" "^4.3.2"
      "@openzeppelin/contracts-upgradeable" "^4.3.2"
  
  "@opengsn/contracts@^2.2.6":
    version "2.2.6"
    resolved "https://registry.npmjs.org/@opengsn/contracts/-/contracts-2.2.6.tgz#1784326bc243be2f33cd0171550d3a7f35aa412f"
    integrity sha512-NraQgKZZUp7/ipLzpe2wd6lqX6w5PbLtHaKOFirm+zJYeCDoG9d6xrVc2VlDwjapMTJyWlYxuXSwOZQhHEMrAg==
    dependencies:
      "@openzeppelin/contracts" "^4.2.0"
  
  "@openzeppelin/contracts-upgradeable@^4.2.0", "@openzeppelin/contracts-upgradeable@^4.3.2":
    version "4.7.3"
    resolved "https://registry.npmjs.org/@openzeppelin/contracts-upgradeable/-/contracts-upgradeable-4.7.3.tgz#f1d606e2827d409053f3e908ba4eb8adb1dd6995"
    integrity sha512-+wuegAMaLcZnLCJIvrVUDzA9z/Wp93f0Dla/4jJvIhijRrPabjQbZe6fWiECLaJyfn5ci9fqf9vTw3xpQOad2A==
  
  "@openzeppelin/contracts@^4.2.0", "@openzeppelin/contracts@^4.3.2":
    version "4.7.3"
    resolved "https://registry.npmjs.org/@openzeppelin/contracts/-/contracts-4.7.3.tgz#939534757a81f8d69cc854c7692805684ff3111e"
    integrity sha512-dGRS0agJzu8ybo44pCIf3xBaPQN/65AIXNgK8+4gzKd5kbvlqyxryUYVLJv7fK98Seyd2hDZzVEHSWAh0Bt1Yw==
  
  "@rari-capital/solmate@https://github.com/rari-capital/solmate.git#851ea3baa4327f453da723df75b1093b58b964dc":
    version "6.3.0"
    resolved "https://github.com/rari-capital/solmate.git#851ea3baa4327f453da723df75b1093b58b964dc"
  
  "@solidity-parser/parser@^0.14.3":
    version "0.14.3"
    resolved "https://registry.npmjs.org/@solidity-parser/parser/-/parser-0.14.3.tgz#0d627427b35a40d8521aaa933cc3df7d07bfa36f"
    integrity sha512-29g2SZ29HtsqA58pLCtopI1P/cPy5/UAzlcAXO6T/CNJimG6yA8kx4NaseMyJULiC+TEs02Y9/yeHzClqoA0hw==
    dependencies:
      antlr4ts "^0.5.0-alpha.4"
  
  ansi-regex@^5.0.1:
    version "5.0.1"
    resolved "https://registry.npmjs.org/ansi-regex/-/ansi-regex-5.0.1.tgz#082cb2c89c9fe8659a311a53bd6a4dc5301db304"
    integrity sha512-quJQXlTSUGL2LH9SUXo8VwsY4soanhgo6LNSm84E1LBcE8s3O0wpdiRzyR9z/ZZJMlMWv37qOOb9pdJlMUEKFQ==
  
  ansi-styles@^4.1.0:
    version "4.3.0"
    resolved "https://registry.npmjs.org/ansi-styles/-/ansi-styles-4.3.0.tgz#edd803628ae71c04c85ae7a0906edad34b648937"
    integrity sha512-zbB9rCJAT1rbjiVDb2hqKFHNYLxgtk8NURxZ3IZwD3F6NtxbXZQCnnSi1Lkx+IDohdPlFp222wVALIheZJQSEg==
    dependencies:
      color-convert "^2.0.1"
  
  antlr4ts@^0.5.0-alpha.4:
    version "0.5.0-alpha.4"
    resolved "https://registry.npmjs.org/antlr4ts/-/antlr4ts-0.5.0-alpha.4.tgz#71702865a87478ed0b40c0709f422cf14d51652a"
    integrity sha512-WPQDt1B74OfPv/IMS2ekXAKkTZIHl88uMetg6q3OTqgFxZ/dxDXI0EWLyZid/1Pe6hTftyg5N7gel5wNAGxXyQ==
  
  async@^3.2.3:
    version "3.2.4"
    resolved "https://registry.npmjs.org/async/-/async-3.2.4.tgz#2d22e00f8cddeb5fde5dd33522b56d1cf569a81c"
    integrity sha512-iAB+JbDEGXhyIUavoDl9WP/Jj106Kz9DEn1DPgYw5ruDn0e3Wgi3sKFm55sASdGBNOQB8F59d9qQ7deqrHA8wQ==
  
  balanced-match@^1.0.0:
    version "1.0.2"
    resolved "https://registry.npmjs.org/balanced-match/-/balanced-match-1.0.2.tgz#e83e3a7e3f300b34cb9d87f615fa0cbf357690ee"
    integrity sha512-3oSeUO0TMV67hN1AmbXsK4yaqU7tjiHlbxRDZOpH0KW9+CeX4bRAaX0Anxt0tx2MrpRpWwQaPwIlISEJhYU5Pw==
  
  "base64-sol@https://github.com/Brechtpd/base64.git#4d85607b18d981acff392d2e99ba654305552a97":
    version "1.1.0"
    resolved "https://github.com/Brechtpd/base64.git#4d85607b18d981acff392d2e99ba654305552a97"
  
  brace-expansion@^1.1.7:
    version "1.1.11"
    resolved "https://registry.npmjs.org/brace-expansion/-/brace-expansion-1.1.11.tgz#3c7fcbf529d87226f3d2f52b966ff5271eb441dd"
    integrity sha512-iCuPHDFgrHX7H2vEI/5xpz07zSHB00TpugqhmYtVmMO6518mCuRMoOYFldEBl0g187ufozdaHgWKcYFb61qGiA==
    dependencies:
      balanced-match "^1.0.0"
      concat-map "0.0.1"
  
  brace-expansion@^2.0.1:
    version "2.0.1"
    resolved "https://registry.npmjs.org/brace-expansion/-/brace-expansion-2.0.1.tgz#1edc459e0f0c548486ecf9fc99f2221364b9a0ae"
    integrity sha512-XnAIvQ8eM+kC6aULx6wuQiwVsnzsi9d3WxzV3FpWTGA19F621kwdbsAcFKXgKUHZWsy+mY6iL1sHTxWEFCytDA==
    dependencies:
      balanced-match "^1.0.0"
  
  chalk@^4.0.2:
    version "4.1.2"
    resolved "https://registry.npmjs.org/chalk/-/chalk-4.1.2.tgz#aac4e2b7734a740867aeb16bf02aad556a1e7a01"
    integrity sha512-oKnbhFyRIXpUuez8iBMmyEa4nbj4IOQyuhc/wy9kY7/WVPcwIO9VA668Pu8RkO7+0G76SLROeyw9CpQ061i4mA==
    dependencies:
      ansi-styles "^4.1.0"
      supports-color "^7.1.0"
  
  color-convert@^2.0.1:
    version "2.0.1"
    resolved "https://registry.npmjs.org/color-convert/-/color-convert-2.0.1.tgz#72d3a68d598c9bdb3af2ad1e84f21d896abd4de3"
    integrity sha512-RRECPsj7iu/xb5oKYcsFHSppFNnsj/52OVTRKb4zP5onXwVF3zVmmToNcOfGC+CRDpfK/U584fMg38ZHCaElKQ==
    dependencies:
      color-name "~1.1.4"
  
  color-name@~1.1.4:
    version "1.1.4"
    resolved "https://registry.npmjs.org/color-name/-/color-name-1.1.4.tgz#c2a09a87acbde69543de6f63fa3995c826c536a2"
    integrity sha512-dOy+3AuW3a2wNbZHIuMZpTcgjGuLU/uBL/ubcZF9OXbDo8ff4O8yVp5Bf0efS8uEoYo5q4Fx7dY9OgQGXgAsQA==
  
  concat-map@0.0.1:
    version "0.0.1"
    resolved "https://registry.npmjs.org/concat-map/-/concat-map-0.0.1.tgz#d8a96bd77fd68df7793a73036a3ba0d5405d477b"
    integrity sha512-/Srv4dswyQNBfohGpz9o6Yb3Gz3SrUDqBH5rTuhGR7ahtlbYKnVxw2bCFMRljaA7EXHaXZ8wsHdodFvbkhKmqg==
  
  ejs@^3.1.8:
    version "3.1.8"
    resolved "https://registry.npmjs.org/ejs/-/ejs-3.1.8.tgz#758d32910c78047585c7ef1f92f9ee041c1c190b"
    integrity sha512-/sXZeMlhS0ArkfX2Aw780gJzXSMPnKjtspYZv+f3NiKLlubezAHDU5+9xz6gd3/NhG3txQCo6xlglmTS+oTGEQ==
    dependencies:
      jake "^10.8.5"
  
  emoji-regex@^10.1.0:
    version "10.1.0"
    resolved "https://registry.npmjs.org/emoji-regex/-/emoji-regex-10.1.0.tgz#d50e383743c0f7a5945c47087295afc112e3cf66"
    integrity sha512-xAEnNCT3w2Tg6MA7ly6QqYJvEoY1tm9iIjJ3yMKK9JPlWuRHAMoe5iETwQnx3M9TVbFMfsrBgWKR+IsmswwNjg==
  
  emoji-regex@^8.0.0:
    version "8.0.0"
    resolved "https://registry.npmjs.org/emoji-regex/-/emoji-regex-8.0.0.tgz#e818fd69ce5ccfcb404594f842963bf53164cc37"
    integrity sha512-MSjYzcWNOA0ewAHpz0MxpYFvwg6yjy1NG3xteoqz644VCo/RPgnr1/GGt+ic3iJTzQ8Eu3TdM14SawnVUmGE6A==
  
  escape-string-regexp@^4.0.0:
    version "4.0.0"
    resolved "https://registry.npmjs.org/escape-string-regexp/-/escape-string-regexp-4.0.0.tgz#14ba83a5d373e3d311e5afca29cf5bfad965bf34"
    integrity sha512-TtpcNJ3XAzx3Gq8sWRzJaVajRs0uVxA2YAkdb1jm2YkPz4G6egUFAyA3n5vtEIZefPk5Wa4UXbKuS5fKkJWdgA==
  
  filelist@^1.0.1:
    version "1.0.4"
    resolved "https://registry.npmjs.org/filelist/-/filelist-1.0.4.tgz#f78978a1e944775ff9e62e744424f215e58352b5"
    integrity sha512-w1cEuf3S+DrLCQL7ET6kz+gmlJdbq9J7yXCSjK/OZCPA+qEN1WyF4ZAf0YYJa4/shHJra2t/d/r8SV4Ji+x+8Q==
    dependencies:
      minimatch "^5.0.1"
  
  has-flag@^4.0.0:
    version "4.0.0"
    resolved "https://registry.npmjs.org/has-flag/-/has-flag-4.0.0.tgz#944771fd9c81c81265c4d6941860da06bb59479b"
    integrity sha512-EykJT/Q1KjTWctppgIAgfSO0tKVuZUjhgMr17kqTumMl6Afv3EISleU7qZUzoXDFTAHTDC4NOoG/ZxU3EvlMPQ==
  
  is-fullwidth-code-point@^3.0.0:
    version "3.0.0"
    resolved "https://registry.npmjs.org/is-fullwidth-code-point/-/is-fullwidth-code-point-3.0.0.tgz#f116f8064fe90b3f7844a38997c0b75051269f1d"
    integrity sha512-zymm5+u+sCsSWyD9qNaejV3DFvhCKclKdizYaJUuHA83RLjb7nSuGnddCHGv0hk+KY7BMAlsWeK4Ueg6EV6XQg==
  
  jake@^10.8.5:
    version "10.8.5"
    resolved "https://registry.npmjs.org/jake/-/jake-10.8.5.tgz#f2183d2c59382cb274226034543b9c03b8164c46"
    integrity sha512-sVpxYeuAhWt0OTWITwT98oyV0GsXyMlXCF+3L1SuafBVUIr/uILGRB+NqwkzhgXKvoJpDIpQvqkUALgdmQsQxw==
    dependencies:
      async "^3.2.3"
      chalk "^4.0.2"
      filelist "^1.0.1"
      minimatch "^3.0.4"
  
  lru-cache@^6.0.0:
    version "6.0.0"
    resolved "https://registry.npmjs.org/lru-cache/-/lru-cache-6.0.0.tgz#6d6fe6570ebd96aaf90fcad1dafa3b2566db3a94"
    integrity sha512-Jo6dJ04CmSjuznwJSS3pUeWmd/H0ffTlkXXgwZi+eq1UCmqQwCh+eLsYOYCwY991i2Fah4h1BEMCx4qThGbsiA==
    dependencies:
      yallist "^4.0.0"
  
  "memmove@https://github.com/brockelmore/memmove.git#d577ecd1bc43656f4032edf4daa9797f756a8ad2":
    version "0.0.0"
    resolved "https://github.com/brockelmore/memmove.git#d577ecd1bc43656f4032edf4daa9797f756a8ad2"
  
  minimatch@^3.0.4:
    version "3.1.2"
    resolved "https://registry.npmjs.org/minimatch/-/minimatch-3.1.2.tgz#19cd194bfd3e428f049a70817c038d89ab4be35b"
    integrity sha512-J7p63hRiAjw1NDEww1W7i37+ByIrOWO5XQQAzZ3VOcL0PNybwpfmV/N05zFAzwQ9USyEcX6t3UO+K5aqBQOIHw==
    dependencies:
      brace-expansion "^1.1.7"
  
  minimatch@^5.0.1:
    version "5.1.0"
    resolved "https://registry.npmjs.org/minimatch/-/minimatch-5.1.0.tgz#1717b464f4971b144f6aabe8f2d0b8e4511e09c7"
    integrity sha512-9TPBGGak4nHfGZsPBohm9AWg6NoT7QTCehS3BIJABslyZbzxfV78QM2Y6+i741OPZIafFAaiiEMh5OyIrJPgtg==
    dependencies:
      brace-expansion "^2.0.1"
  
  "openzeppelin-solidity@https://github.com/OpenZeppelin/openzeppelin-contracts.git#57725120581e27ec469e1c7e497a4008aafff818":
    version "4.6.0"
    resolved "https://github.com/OpenZeppelin/openzeppelin-contracts.git#57725120581e27ec469e1c7e497a4008aafff818"
  
  prettier-plugin-solidity@^1.0.0-beta.13:
    version "1.0.0-beta.24"
    resolved "https://registry.npmjs.org/prettier-plugin-solidity/-/prettier-plugin-solidity-1.0.0-beta.24.tgz#67573ca87098c14f7ccff3639ddd8a4cab2a87eb"
    integrity sha512-6JlV5BBTWzmDSq4kZ9PTXc3eLOX7DF5HpbqmmaF+kloyUwOZbJ12hIYsUaZh2fVgZdV2t0vWcvY6qhILhlzgqg==
    dependencies:
      "@solidity-parser/parser" "^0.14.3"
      emoji-regex "^10.1.0"
      escape-string-regexp "^4.0.0"
      semver "^7.3.7"
      solidity-comments-extractor "^0.0.7"
      string-width "^4.2.3"
  
  prettier@^2.3.1:
    version "2.7.1"
    resolved "https://registry.npmjs.org/prettier/-/prettier-2.7.1.tgz#e235806850d057f97bb08368a4f7d899f7760c64"
    integrity sha512-ujppO+MkdPqoVINuDFDRLClm7D78qbDt0/NR+wp5FqEZOoTNAjPHWj17QRhu7geIHJfcNhRk1XVQmF8Bp3ye+g==
  
  semver@^7.3.7:
    version "7.3.7"
    resolved "https://registry.npmjs.org/semver/-/semver-7.3.7.tgz#12c5b649afdbf9049707796e22a4028814ce523f"
    integrity sha512-QlYTucUYOews+WeEujDoEGziz4K6c47V/Bd+LjSSYcA94p+DmINdf7ncaUinThfvZyu13lN9OY1XDxt8C0Tw0g==
    dependencies:
      lru-cache "^6.0.0"
  
  solidity-comments-extractor@^0.0.7:
    version "0.0.7"
    resolved "https://registry.npmjs.org/solidity-comments-extractor/-/solidity-comments-extractor-0.0.7.tgz#99d8f1361438f84019795d928b931f4e5c39ca19"
    integrity sha512-wciNMLg/Irp8OKGrh3S2tfvZiZ0NEyILfcRCXCD4mp7SgK/i9gzLfhY2hY7VMCQJ3kH9UB9BzNdibIVMchzyYw==
  
  string-width@^4.2.3:
    version "4.2.3"
    resolved "https://registry.npmjs.org/string-width/-/string-width-4.2.3.tgz#269c7117d27b05ad2e536830a8ec895ef9c6d010"
    integrity sha512-wKyQRQpjJ0sIp62ErSZdGsjMJWsap5oRNihHhu6G7JVO/9jIB6UyevL+tXuOqrng8j/cxKTWyWUwvSTriiZz/g==
    dependencies:
      emoji-regex "^8.0.0"
      is-fullwidth-code-point "^3.0.0"
      strip-ansi "^6.0.1"
  
  strip-ansi@^6.0.1:
    version "6.0.1"
    resolved "https://registry.npmjs.org/strip-ansi/-/strip-ansi-6.0.1.tgz#9e26c63d30f53443e9489495b2105d37b67a85d9"
    integrity sha512-Y38VPSHcqkFrCpFnQ9vuSXmquuv5oXOKpGeT6aGrr3o3Gc9AlVa6JBfUSOCnbxGGZF+/0ooI7KrPuUSztUdU5A==
    dependencies:
      ansi-regex "^5.0.1"
  
  supports-color@^7.1.0:
    version "7.2.0"
    resolved "https://registry.npmjs.org/supports-color/-/supports-color-7.2.0.tgz#1b7dcdcb32b8138801b3e478ba6a51caa89648da"
    integrity sha512-qpCAvRl9stuOHveKsn7HncJRvv501qIacKzQlO/+Lwxc9+0q2wLyv4Dfvt80/DPn2pqOBsJdDiogXGR9+OvwRw==
    dependencies:
      has-flag "^4.0.0"
  
  yallist@^4.0.0:
    version "4.0.0"
    resolved "https://registry.npmjs.org/yallist/-/yallist-4.0.0.tgz#9bb92790d9c0effec63be73519e11a35019a3a72"
    integrity sha512-3wdGidZyq5PB084XLES5TpOSRA3wjXAlIWMhum2kRcv/41Sn2emQ0dycQW4uZXLejwKvg6EsvbdlVL+FYEct7A==
